<?xml version="1.0" encoding="UTF-8"?>
<!-- Generated by org.testng.reporters.JUnitReportReporter -->
<testsuite hostname="sony-VAIO" name="mod4.hk_NG_Test" tests="2" failures="0" timestamp="19 Nov 2020 18:34:21 GMT" time="0.050" errors="0">
  <testcase name="Test1" time="0.041" classname="mod4.hk_NG_Test"/>
  <testcase name="Test2" time="0.009" classname="mod4.hk_NG_Test"/>
</testsuite> <!-- mod4.hk_NG_Test -->
