<?xml version="1.0" encoding="UTF-8"?>
<!-- Generated by org.testng.reporters.JUnitReportReporter -->
<testsuite hostname="sony-VAIO" name="mod5.BrowserTest" tests="2" failures="0" timestamp="22 Nov 2020 05:51:23 GMT" time="15.998" errors="0">
  <testcase name="openURL" time="5.697" classname="mod5.BrowserTest"/>
  <testcase name="beforeTest" time="10.301" classname="mod5.BrowserTest"/>
</testsuite> <!-- mod5.BrowserTest -->
